  masters.cpp
C:\W\His-Master-s-Voice\masters_entity.h(61,36): error C3533: a parameter cannot have a type that contains 'auto'
C:\W\His-Master-s-Voice\masters.cpp(545,14): warning C4244: 'initializing': conversion from 'float' to 'int', possible loss of data
C:\W\His-Master-s-Voice\masters.cpp(546,17): warning C4244: 'initializing': conversion from 'float' to 'int', possible loss of data
C:\W\His-Master-s-Voice\masters.cpp(634,39): warning C4244: '=': conversion from 'float' to 'int', possible loss of data
C:\W\His-Master-s-Voice\masters.cpp(635,39): warning C4244: '=': conversion from 'float' to 'int', possible loss of data
C:\W\His-Master-s-Voice\masters.cpp(723,40): warning C4244: '+=': conversion from 'float' to 'int', possible loss of data
C:\W\His-Master-s-Voice\masters.cpp(724,40): warning C4244: '+=': conversion from 'float' to 'int', possible loss of data
C:\W\His-Master-s-Voice\masters.cpp(766,14): warning C4244: 'initializing': conversion from 'float' to 'int', possible loss of data
C:\W\His-Master-s-Voice\masters.cpp(767,17): warning C4244: 'initializing': conversion from 'float' to 'int', possible loss of data
C:\W\His-Master-s-Voice\masters.cpp(932,22): warning C4553: '==': result of expression not used; did you intend '='?
  masters_entity.cpp
C:\W\His-Master-s-Voice\masters_entity.h(61,36): error C3533: a parameter cannot have a type that contains 'auto'
C:\W\His-Master-s-Voice\masters_entity.cpp(11,35): warning C4244: '=': conversion from 'float' to 'int', possible loss of data
C:\W\His-Master-s-Voice\masters_entity.cpp(12,40): warning C4244: '=': conversion from 'double' to 'int', possible loss of data
C:\W\His-Master-s-Voice\masters_entity.cpp(19,32): warning C4244: '=': conversion from 'float' to 'int', possible loss of data
C:\W\His-Master-s-Voice\masters_entity.cpp(20,32): warning C4244: '=': conversion from 'float' to 'int', possible loss of data
C:\W\His-Master-s-Voice\masters_entity.cpp(25,32): warning C4244: '=': conversion from 'float' to 'int', possible loss of data
C:\W\His-Master-s-Voice\masters_entity.cpp(26,32): warning C4244: '=': conversion from 'float' to 'int', possible loss of data
  masters_grid.cpp
  masters_level_loader.cpp
C:\W\His-Master-s-Voice\masters_entity.h(61,36): error C3533: a parameter cannot have a type that contains 'auto'
C:\W\His-Master-s-Voice\masters_level_loader.cpp(85,14): warning C4838: conversion from 'double' to 'int' requires a narrowing conversion
C:\W\His-Master-s-Voice\masters_level_loader.cpp(85,14): warning C4244: 'initializing': conversion from 'double' to 'int', possible loss of data
  masters_particle.cpp
C:\W\His-Master-s-Voice\masters_entity.h(61,36): error C3533: a parameter cannot have a type that contains 'auto'
  masters_render.cpp
C:\W\His-Master-s-Voice\masters_entity.h(61,36): error C3533: a parameter cannot have a type that contains 'auto'
  mastsers_update.cpp
C:\W\His-Master-s-Voice\masters_entity.h(61,36): error C3533: a parameter cannot have a type that contains 'auto'
  Generating Code...
