c:\w\his-master-s-voice\release\vc142.pdb
c:\w\his-master-s-voice\release\audio.obj
c:\w\his-master-s-voice\release\mastsers_update.obj
c:\w\his-master-s-voice\release\masters_startup.obj
c:\w\his-master-s-voice\release\masters_render.obj
c:\w\his-master-s-voice\release\masters_particle.obj
c:\w\his-master-s-voice\release\masters_level_loader.obj
c:\w\his-master-s-voice\release\masters_grid.obj
c:\w\his-master-s-voice\release\masters_entity.obj
c:\w\his-master-s-voice\release\masters_camera.obj
c:\w\his-master-s-voice\release\masters.obj
c:\w\his-master-s-voice\release\masters voice.exe
c:\w\his-master-s-voice\release\masters voice.pdb
c:\w\his-master-s-voice\release\masters voice.ipdb
c:\w\his-master-s-voice\release\masters voice.iobj
c:\w\his-master-s-voice\release\masters voice.tlog\cl.command.1.tlog
c:\w\his-master-s-voice\release\masters voice.tlog\cl.read.1.tlog
c:\w\his-master-s-voice\release\masters voice.tlog\cl.write.1.tlog
c:\w\his-master-s-voice\release\masters voice.tlog\link.command.1.tlog
c:\w\his-master-s-voice\release\masters voice.tlog\link.read.1.tlog
c:\w\his-master-s-voice\release\masters voice.tlog\link.write.1.tlog
c:\w\his-master-s-voice\release\masters voice.tlog\masters voice.write.1u.tlog
